<?xml version="1.0" encoding="UTF-8"?>
<testsuite xmlns:xsi="http://www.w3.org/2001/XMLSchema-instance" xsi:noNamespaceSchemaLocation="https://maven.apache.org/surefire/maven-surefire-plugin/xsd/surefire-test-report.xsd" name="cn.phecde.bpmn.activiti.TaskTests" time="0.499" tests="1" errors="0" skipped="0" failures="0">
  <properties>
    <property name="sun.desktop" value="windows"/>
    <property name="awt.toolkit" value="sun.awt.windows.WToolkit"/>
    <property name="java.specification.version" value="11"/>
    <property name="sun.cpu.isalist" value="amd64"/>
    <property name="sun.jnu.encoding" value="GBK"/>
    <property name="java.class.path" value="C:\Users\wpw\workspace\gitee\beidou\bpmn\bpmn-activiti-server\target\test-classes;C:\Users\wpw\workspace\gitee\beidou\bpmn\bpmn-activiti-server\target\classes;C:\Users\wpw\.m2\repository\org\activiti\activiti-spring-boot-starter\7.2.0\activiti-spring-boot-starter-7.2.0.jar;C:\Users\wpw\.m2\repository\org\activiti\activiti-spring-app-process\7.2.0\activiti-spring-app-process-7.2.0.jar;C:\Users\wpw\.m2\repository\org\activiti\activiti-spring-application\7.2.0\activiti-spring-application-7.2.0.jar;C:\Users\wpw\.m2\repository\org\activiti\activiti-spring-identity\7.2.0\activiti-spring-identity-7.2.0.jar;C:\Users\wpw\.m2\repository\org\activiti\activiti-spring-security\7.2.0\activiti-spring-security-7.2.0.jar;C:\Users\wpw\.m2\repository\org\activiti\activiti-api-process-model\7.2.0\activiti-api-process-model-7.2.0.jar;C:\Users\wpw\.m2\repository\org\activiti\activiti-api-process-runtime\7.2.0\activiti-api-process-runtime-7.2.0.jar;C:\Users\wpw\.m2\repository\org\activiti\activiti-api-model-shared\7.2.0\activiti-api-model-shared-7.2.0.jar;C:\Users\wpw\.m2\repository\org\activiti\activiti-api-runtime-shared\7.2.0\activiti-api-runtime-shared-7.2.0.jar;C:\Users\wpw\.m2\repository\org\activiti\activiti-spring\7.2.0\activiti-spring-7.2.0.jar;C:\Users\wpw\.m2\repository\org\activiti\activiti-bpmn-converter\7.2.0\activiti-bpmn-converter-7.2.0.jar;C:\Users\wpw\.m2\repository\org\activiti\activiti-process-validation\7.2.0\activiti-process-validation-7.2.0.jar;C:\Users\wpw\.m2\repository\org\activiti\activiti-spring-project\7.2.0\activiti-spring-project-7.2.0.jar;C:\Users\wpw\.m2\repository\org\springframework\spring-orm\5.3.16\spring-orm-5.3.16.jar;C:\Users\wpw\.m2\repository\org\apache\commons\commons-lang3\3.12.0\commons-lang3-3.12.0.jar;C:\Users\wpw\.m2\repository\org\slf4j\jcl-over-slf4j\1.7.36\jcl-over-slf4j-1.7.36.jar;C:\Users\wpw\.m2\repository\javax\xml\bind\jaxb-api\2.3.1\jaxb-api-2.3.1.jar;C:\Users\wpw\.m2\repository\javax\activation\javax.activation-api\1.2.0\javax.activation-api-1.2.0.jar;C:\Users\wpw\.m2\repository\org\activiti\activiti-engine\7.2.0\activiti-engine-7.2.0.jar;C:\Users\wpw\.m2\repository\org\activiti\activiti-project-model\7.2.0\activiti-project-model-7.2.0.jar;C:\Users\wpw\.m2\repository\org\activiti\activiti-expression-language\7.2.0\activiti-expression-language-7.2.0.jar;C:\Users\wpw\.m2\repository\org\apache\commons\commons-email\1.5\commons-email-1.5.jar;C:\Users\wpw\.m2\repository\com\sun\mail\javax.mail\1.5.6\javax.mail-1.5.6.jar;C:\Users\wpw\.m2\repository\javax\activation\activation\1.1\activation-1.1.jar;C:\Users\wpw\.m2\repository\org\mybatis\mybatis\3.5.9\mybatis-3.5.9.jar;C:\Users\wpw\.m2\repository\de\odysseus\juel\juel-api\2.2.7\juel-api-2.2.7.jar;C:\Users\wpw\.m2\repository\de\odysseus\juel\juel-impl\2.2.7\juel-impl-2.2.7.jar;C:\Users\wpw\.m2\repository\de\odysseus\juel\juel-spi\2.2.7\juel-spi-2.2.7.jar;C:\Users\wpw\.m2\repository\com\fasterxml\jackson\core\jackson-core\2.13.1\jackson-core-2.13.1.jar;C:\Users\wpw\.m2\repository\com\fasterxml\jackson\core\jackson-databind\2.13.1\jackson-databind-2.13.1.jar;C:\Users\wpw\.m2\repository\joda-time\joda-time\2.10.13\joda-time-2.10.13.jar;C:\Users\wpw\.m2\repository\org\activiti\activiti-bpmn-model\7.2.0\activiti-bpmn-model-7.2.0.jar;C:\Users\wpw\.m2\repository\org\activiti\activiti-api-process-runtime-impl\7.2.0\activiti-api-process-runtime-impl-7.2.0.jar;C:\Users\wpw\.m2\repository\org\activiti\activiti-connector-model\7.2.0\activiti-connector-model-7.2.0.jar;C:\Users\wpw\.m2\repository\org\activiti\activiti-spring-connector\7.2.0\activiti-spring-connector-7.2.0.jar;C:\Users\wpw\.m2\repository\org\activiti\activiti-api-model-shared-impl\7.2.0\activiti-api-model-shared-impl-7.2.0.jar;C:\Users\wpw\.m2\repository\org\activiti\activiti-api-runtime-shared-impl\7.2.0\activiti-api-runtime-shared-impl-7.2.0.jar;C:\Users\wpw\.m2\repository\org\activiti\activiti-spring-security-policies\7.2.0\activiti-spring-security-policies-7.2.0.jar;C:\Users\wpw\.m2\repository\org\activiti\activiti-api-task-runtime-impl\7.2.0\activiti-api-task-runtime-impl-7.2.0.jar;C:\Users\wpw\.m2\repository\org\activiti\activiti-api-task-model\7.2.0\activiti-api-task-model-7.2.0.jar;C:\Users\wpw\.m2\repository\org\activiti\activiti-api-task-runtime\7.2.0\activiti-api-task-runtime-7.2.0.jar;C:\Users\wpw\.m2\repository\org\activiti\activiti-api-task-model-impl\7.2.0\activiti-api-task-model-impl-7.2.0.jar;C:\Users\wpw\.m2\repository\org\activiti\activiti-common-util\7.2.0\activiti-common-util-7.2.0.jar;C:\Users\wpw\.m2\repository\org\activiti\activiti-api-process-model-impl\7.2.0\activiti-api-process-model-impl-7.2.0.jar;C:\Users\wpw\.m2\repository\org\activiti\activiti-spring-process-extensions\7.2.0\activiti-spring-process-extensions-7.2.0.jar;C:\Users\wpw\.m2\repository\org\activiti\activiti-spring-resource-loader\7.2.0\activiti-spring-resource-loader-7.2.0.jar;C:\Users\wpw\.m2\repository\org\activiti\activiti-spring-resource-finder\7.2.0\activiti-spring-resource-finder-7.2.0.jar;C:\Users\wpw\.m2\repository\org\springframework\spring-context\5.3.16\spring-context-5.3.16.jar;C:\Users\wpw\.m2\repository\org\springframework\spring-aop\5.3.16\spring-aop-5.3.16.jar;C:\Users\wpw\.m2\repository\org\springframework\spring-expression\5.3.16\spring-expression-5.3.16.jar;C:\Users\wpw\.m2\repository\org\springframework\spring-tx\5.3.16\spring-tx-5.3.16.jar;C:\Users\wpw\.m2\repository\org\springframework\spring-beans\5.3.16\spring-beans-5.3.16.jar;C:\Users\wpw\.m2\repository\org\springframework\spring-core\5.3.16\spring-core-5.3.16.jar;C:\Users\wpw\.m2\repository\org\springframework\spring-jcl\5.3.16\spring-jcl-5.3.16.jar;C:\Users\wpw\.m2\repository\org\springframework\boot\spring-boot\2.6.9\spring-boot-2.6.9.jar;C:\Users\wpw\.m2\repository\org\springframework\security\spring-security-core\5.6.2\spring-security-core-5.6.2.jar;C:\Users\wpw\.m2\repository\org\springframework\security\spring-security-crypto\5.6.2\spring-security-crypto-5.6.2.jar;C:\Users\wpw\.m2\repository\org\slf4j\slf4j-api\1.7.36\slf4j-api-1.7.36.jar;C:\Users\wpw\.m2\repository\com\fasterxml\uuid\java-uuid-generator\4.0.1\java-uuid-generator-4.0.1.jar;C:\Users\wpw\.m2\repository\com\fasterxml\jackson\core\jackson-annotations\2.13.1\jackson-annotations-2.13.1.jar;C:\Users\wpw\.m2\repository\org\springframework\boot\spring-boot-starter\2.6.9\spring-boot-starter-2.6.9.jar;C:\Users\wpw\.m2\repository\org\springframework\boot\spring-boot-autoconfigure\2.6.9\spring-boot-autoconfigure-2.6.9.jar;C:\Users\wpw\.m2\repository\org\springframework\boot\spring-boot-starter-logging\2.6.9\spring-boot-starter-logging-2.6.9.jar;C:\Users\wpw\.m2\repository\ch\qos\logback\logback-classic\1.2.11\logback-classic-1.2.11.jar;C:\Users\wpw\.m2\repository\ch\qos\logback\logback-core\1.2.11\logback-core-1.2.11.jar;C:\Users\wpw\.m2\repository\org\apache\logging\log4j\log4j-to-slf4j\2.17.1\log4j-to-slf4j-2.17.1.jar;C:\Users\wpw\.m2\repository\org\apache\logging\log4j\log4j-api\2.17.1\log4j-api-2.17.1.jar;C:\Users\wpw\.m2\repository\org\slf4j\jul-to-slf4j\1.7.36\jul-to-slf4j-1.7.36.jar;C:\Users\wpw\.m2\repository\jakarta\annotation\jakarta.annotation-api\1.3.5\jakarta.annotation-api-1.3.5.jar;C:\Users\wpw\.m2\repository\org\yaml\snakeyaml\1.29\snakeyaml-1.29.jar;C:\Users\wpw\.m2\repository\org\springframework\boot\spring-boot-actuator-autoconfigure\2.6.9\spring-boot-actuator-autoconfigure-2.6.9.jar;C:\Users\wpw\.m2\repository\org\springframework\boot\spring-boot-actuator\2.6.9\spring-boot-actuator-2.6.9.jar;C:\Users\wpw\.m2\repository\com\fasterxml\jackson\datatype\jackson-datatype-jsr310\2.13.1\jackson-datatype-jsr310-2.13.1.jar;C:\Users\wpw\.m2\repository\org\springframework\boot\spring-boot-starter-jdbc\2.6.9\spring-boot-starter-jdbc-2.6.9.jar;C:\Users\wpw\.m2\repository\com\zaxxer\HikariCP\4.0.3\HikariCP-4.0.3.jar;C:\Users\wpw\.m2\repository\org\springframework\spring-jdbc\5.3.16\spring-jdbc-5.3.16.jar;C:\Users\wpw\.m2\repository\org\springframework\boot\spring-boot-starter-oauth2-resource-server\2.6.9\spring-boot-starter-oauth2-resource-server-2.6.9.jar;C:\Users\wpw\.m2\repository\org\springframework\security\spring-security-config\5.6.2\spring-security-config-5.6.2.jar;C:\Users\wpw\.m2\repository\org\springframework\security\spring-security-oauth2-resource-server\5.6.2\spring-security-oauth2-resource-server-5.6.2.jar;C:\Users\wpw\.m2\repository\org\springframework\security\spring-security-oauth2-core\5.6.2\spring-security-oauth2-core-5.6.2.jar;C:\Users\wpw\.m2\repository\org\springframework\security\spring-security-web\5.6.2\spring-security-web-5.6.2.jar;C:\Users\wpw\.m2\repository\org\springframework\security\spring-security-oauth2-jose\5.6.2\spring-security-oauth2-jose-5.6.2.jar;C:\Users\wpw\.m2\repository\com\nimbusds\nimbus-jose-jwt\9.14\nimbus-jose-jwt-9.14.jar;C:\Users\wpw\.m2\repository\com\github\stephenc\jcip\jcip-annotations\1.0-1\jcip-annotations-1.0-1.jar;C:\Users\wpw\.m2\repository\org\springframework\boot\spring-boot-starter-web\2.6.9\spring-boot-starter-web-2.6.9.jar;C:\Users\wpw\.m2\repository\org\springframework\boot\spring-boot-starter-json\2.6.9\spring-boot-starter-json-2.6.9.jar;C:\Users\wpw\.m2\repository\com\fasterxml\jackson\datatype\jackson-datatype-jdk8\2.13.1\jackson-datatype-jdk8-2.13.1.jar;C:\Users\wpw\.m2\repository\com\fasterxml\jackson\module\jackson-module-parameter-names\2.13.1\jackson-module-parameter-names-2.13.1.jar;C:\Users\wpw\.m2\repository\org\springframework\boot\spring-boot-starter-tomcat\2.6.9\spring-boot-starter-tomcat-2.6.9.jar;C:\Users\wpw\.m2\repository\org\apache\tomcat\embed\tomcat-embed-core\9.0.64\tomcat-embed-core-9.0.64.jar;C:\Users\wpw\.m2\repository\org\apache\tomcat\embed\tomcat-embed-el\9.0.64\tomcat-embed-el-9.0.64.jar;C:\Users\wpw\.m2\repository\org\apache\tomcat\embed\tomcat-embed-websocket\9.0.64\tomcat-embed-websocket-9.0.64.jar;C:\Users\wpw\.m2\repository\org\springframework\spring-web\5.3.16\spring-web-5.3.16.jar;C:\Users\wpw\.m2\repository\org\springframework\spring-webmvc\5.3.16\spring-webmvc-5.3.16.jar;C:\Users\wpw\.m2\repository\org\springframework\boot\spring-boot-starter-actuator\2.6.9\spring-boot-starter-actuator-2.6.9.jar;C:\Users\wpw\.m2\repository\io\micrometer\micrometer-core\1.8.3\micrometer-core-1.8.3.jar;C:\Users\wpw\.m2\repository\org\hdrhistogram\HdrHistogram\2.1.12\HdrHistogram-2.1.12.jar;C:\Users\wpw\.m2\repository\org\latencyutils\LatencyUtils\2.0.3\LatencyUtils-2.0.3.jar;C:\Users\wpw\.m2\repository\org\projectlombok\lombok\1.18.24\lombok-1.18.24.jar;C:\Users\wpw\.m2\repository\mysql\mysql-connector-java\8.0.29\mysql-connector-java-8.0.29.jar;C:\Users\wpw\.m2\repository\com\h2database\h2\1.4.200\h2-1.4.200.jar;C:\Users\wpw\.m2\repository\org\springframework\boot\spring-boot-starter-test\2.6.9\spring-boot-starter-test-2.6.9.jar;C:\Users\wpw\.m2\repository\org\springframework\boot\spring-boot-test\2.6.9\spring-boot-test-2.6.9.jar;C:\Users\wpw\.m2\repository\org\springframework\boot\spring-boot-test-autoconfigure\2.6.9\spring-boot-test-autoconfigure-2.6.9.jar;C:\Users\wpw\.m2\repository\com\jayway\jsonpath\json-path\2.6.0\json-path-2.6.0.jar;C:\Users\wpw\.m2\repository\net\minidev\json-smart\2.4.8\json-smart-2.4.8.jar;C:\Users\wpw\.m2\repository\net\minidev\accessors-smart\2.4.8\accessors-smart-2.4.8.jar;C:\Users\wpw\.m2\repository\org\ow2\asm\asm\9.1\asm-9.1.jar;C:\Users\wpw\.m2\repository\jakarta\xml\bind\jakarta.xml.bind-api\2.3.3\jakarta.xml.bind-api-2.3.3.jar;C:\Users\wpw\.m2\repository\jakarta\activation\jakarta.activation-api\1.2.2\jakarta.activation-api-1.2.2.jar;C:\Users\wpw\.m2\repository\org\assertj\assertj-core\3.21.0\assertj-core-3.21.0.jar;C:\Users\wpw\.m2\repository\org\hamcrest\hamcrest\2.2\hamcrest-2.2.jar;C:\Users\wpw\.m2\repository\org\junit\jupiter\junit-jupiter\5.8.2\junit-jupiter-5.8.2.jar;C:\Users\wpw\.m2\repository\org\junit\jupiter\junit-jupiter-api\5.8.2\junit-jupiter-api-5.8.2.jar;C:\Users\wpw\.m2\repository\org\opentest4j\opentest4j\1.2.0\opentest4j-1.2.0.jar;C:\Users\wpw\.m2\repository\org\junit\platform\junit-platform-commons\1.8.2\junit-platform-commons-1.8.2.jar;C:\Users\wpw\.m2\repository\org\apiguardian\apiguardian-api\1.1.2\apiguardian-api-1.1.2.jar;C:\Users\wpw\.m2\repository\org\junit\jupiter\junit-jupiter-params\5.8.2\junit-jupiter-params-5.8.2.jar;C:\Users\wpw\.m2\repository\org\junit\jupiter\junit-jupiter-engine\5.8.2\junit-jupiter-engine-5.8.2.jar;C:\Users\wpw\.m2\repository\org\junit\platform\junit-platform-engine\1.8.2\junit-platform-engine-1.8.2.jar;C:\Users\wpw\.m2\repository\org\mockito\mockito-core\4.0.0\mockito-core-4.0.0.jar;C:\Users\wpw\.m2\repository\net\bytebuddy\byte-buddy\1.11.22\byte-buddy-1.11.22.jar;C:\Users\wpw\.m2\repository\net\bytebuddy\byte-buddy-agent\1.11.22\byte-buddy-agent-1.11.22.jar;C:\Users\wpw\.m2\repository\org\objenesis\objenesis\3.2\objenesis-3.2.jar;C:\Users\wpw\.m2\repository\org\mockito\mockito-junit-jupiter\4.0.0\mockito-junit-jupiter-4.0.0.jar;C:\Users\wpw\.m2\repository\org\skyscreamer\jsonassert\1.5.0\jsonassert-1.5.0.jar;C:\Users\wpw\.m2\repository\com\vaadin\external\google\android-json\0.0.20131108.vaadin1\android-json-0.0.20131108.vaadin1.jar;C:\Users\wpw\.m2\repository\org\springframework\spring-test\5.3.16\spring-test-5.3.16.jar;C:\Users\wpw\.m2\repository\org\xmlunit\xmlunit-core\2.8.4\xmlunit-core-2.8.4.jar;"/>
    <property name="java.vm.vendor" value="Oracle Corporation"/>
    <property name="sun.arch.data.model" value="64"/>
    <property name="user.variant" value=""/>
    <property name="java.vendor.url" value="http://java.oracle.com/"/>
    <property name="user.timezone" value="Asia/Shanghai"/>
    <property name="java.vm.specification.version" value="11"/>
    <property name="os.name" value="Windows 10"/>
    <property name="sun.java.launcher" value="SUN_STANDARD"/>
    <property name="user.country" value="CN"/>
    <property name="sun.boot.library.path" value="C:\Program Files\Java\jdk-11.0.5\bin"/>
    <property name="sun.java.command" value="C:\Users\wpw\AppData\Local\Temp\surefire5730383464433246380\surefirebooter4720149863726821177.jar C:\Users\wpw\AppData\Local\Temp\surefire5730383464433246380 2022-07-20T20-32-31_296-jvmRun1 surefire16244281445649956646tmp surefire_010180643459668237679tmp"/>
    <property name="jdk.debug" value="release"/>
    <property name="surefire.test.class.path" value="C:\Users\wpw\workspace\gitee\beidou\bpmn\bpmn-activiti-server\target\test-classes;C:\Users\wpw\workspace\gitee\beidou\bpmn\bpmn-activiti-server\target\classes;C:\Users\wpw\.m2\repository\org\activiti\activiti-spring-boot-starter\7.2.0\activiti-spring-boot-starter-7.2.0.jar;C:\Users\wpw\.m2\repository\org\activiti\activiti-spring-app-process\7.2.0\activiti-spring-app-process-7.2.0.jar;C:\Users\wpw\.m2\repository\org\activiti\activiti-spring-application\7.2.0\activiti-spring-application-7.2.0.jar;C:\Users\wpw\.m2\repository\org\activiti\activiti-spring-identity\7.2.0\activiti-spring-identity-7.2.0.jar;C:\Users\wpw\.m2\repository\org\activiti\activiti-spring-security\7.2.0\activiti-spring-security-7.2.0.jar;C:\Users\wpw\.m2\repository\org\activiti\activiti-api-process-model\7.2.0\activiti-api-process-model-7.2.0.jar;C:\Users\wpw\.m2\repository\org\activiti\activiti-api-process-runtime\7.2.0\activiti-api-process-runtime-7.2.0.jar;C:\Users\wpw\.m2\repository\org\activiti\activiti-api-model-shared\7.2.0\activiti-api-model-shared-7.2.0.jar;C:\Users\wpw\.m2\repository\org\activiti\activiti-api-runtime-shared\7.2.0\activiti-api-runtime-shared-7.2.0.jar;C:\Users\wpw\.m2\repository\org\activiti\activiti-spring\7.2.0\activiti-spring-7.2.0.jar;C:\Users\wpw\.m2\repository\org\activiti\activiti-bpmn-converter\7.2.0\activiti-bpmn-converter-7.2.0.jar;C:\Users\wpw\.m2\repository\org\activiti\activiti-process-validation\7.2.0\activiti-process-validation-7.2.0.jar;C:\Users\wpw\.m2\repository\org\activiti\activiti-spring-project\7.2.0\activiti-spring-project-7.2.0.jar;C:\Users\wpw\.m2\repository\org\springframework\spring-orm\5.3.16\spring-orm-5.3.16.jar;C:\Users\wpw\.m2\repository\org\apache\commons\commons-lang3\3.12.0\commons-lang3-3.12.0.jar;C:\Users\wpw\.m2\repository\org\slf4j\jcl-over-slf4j\1.7.36\jcl-over-slf4j-1.7.36.jar;C:\Users\wpw\.m2\repository\javax\xml\bind\jaxb-api\2.3.1\jaxb-api-2.3.1.jar;C:\Users\wpw\.m2\repository\javax\activation\javax.activation-api\1.2.0\javax.activation-api-1.2.0.jar;C:\Users\wpw\.m2\repository\org\activiti\activiti-engine\7.2.0\activiti-engine-7.2.0.jar;C:\Users\wpw\.m2\repository\org\activiti\activiti-project-model\7.2.0\activiti-project-model-7.2.0.jar;C:\Users\wpw\.m2\repository\org\activiti\activiti-expression-language\7.2.0\activiti-expression-language-7.2.0.jar;C:\Users\wpw\.m2\repository\org\apache\commons\commons-email\1.5\commons-email-1.5.jar;C:\Users\wpw\.m2\repository\com\sun\mail\javax.mail\1.5.6\javax.mail-1.5.6.jar;C:\Users\wpw\.m2\repository\javax\activation\activation\1.1\activation-1.1.jar;C:\Users\wpw\.m2\repository\org\mybatis\mybatis\3.5.9\mybatis-3.5.9.jar;C:\Users\wpw\.m2\repository\de\odysseus\juel\juel-api\2.2.7\juel-api-2.2.7.jar;C:\Users\wpw\.m2\repository\de\odysseus\juel\juel-impl\2.2.7\juel-impl-2.2.7.jar;C:\Users\wpw\.m2\repository\de\odysseus\juel\juel-spi\2.2.7\juel-spi-2.2.7.jar;C:\Users\wpw\.m2\repository\com\fasterxml\jackson\core\jackson-core\2.13.1\jackson-core-2.13.1.jar;C:\Users\wpw\.m2\repository\com\fasterxml\jackson\core\jackson-databind\2.13.1\jackson-databind-2.13.1.jar;C:\Users\wpw\.m2\repository\joda-time\joda-time\2.10.13\joda-time-2.10.13.jar;C:\Users\wpw\.m2\repository\org\activiti\activiti-bpmn-model\7.2.0\activiti-bpmn-model-7.2.0.jar;C:\Users\wpw\.m2\repository\org\activiti\activiti-api-process-runtime-impl\7.2.0\activiti-api-process-runtime-impl-7.2.0.jar;C:\Users\wpw\.m2\repository\org\activiti\activiti-connector-model\7.2.0\activiti-connector-model-7.2.0.jar;C:\Users\wpw\.m2\repository\org\activiti\activiti-spring-connector\7.2.0\activiti-spring-connector-7.2.0.jar;C:\Users\wpw\.m2\repository\org\activiti\activiti-api-model-shared-impl\7.2.0\activiti-api-model-shared-impl-7.2.0.jar;C:\Users\wpw\.m2\repository\org\activiti\activiti-api-runtime-shared-impl\7.2.0\activiti-api-runtime-shared-impl-7.2.0.jar;C:\Users\wpw\.m2\repository\org\activiti\activiti-spring-security-policies\7.2.0\activiti-spring-security-policies-7.2.0.jar;C:\Users\wpw\.m2\repository\org\activiti\activiti-api-task-runtime-impl\7.2.0\activiti-api-task-runtime-impl-7.2.0.jar;C:\Users\wpw\.m2\repository\org\activiti\activiti-api-task-model\7.2.0\activiti-api-task-model-7.2.0.jar;C:\Users\wpw\.m2\repository\org\activiti\activiti-api-task-runtime\7.2.0\activiti-api-task-runtime-7.2.0.jar;C:\Users\wpw\.m2\repository\org\activiti\activiti-api-task-model-impl\7.2.0\activiti-api-task-model-impl-7.2.0.jar;C:\Users\wpw\.m2\repository\org\activiti\activiti-common-util\7.2.0\activiti-common-util-7.2.0.jar;C:\Users\wpw\.m2\repository\org\activiti\activiti-api-process-model-impl\7.2.0\activiti-api-process-model-impl-7.2.0.jar;C:\Users\wpw\.m2\repository\org\activiti\activiti-spring-process-extensions\7.2.0\activiti-spring-process-extensions-7.2.0.jar;C:\Users\wpw\.m2\repository\org\activiti\activiti-spring-resource-loader\7.2.0\activiti-spring-resource-loader-7.2.0.jar;C:\Users\wpw\.m2\repository\org\activiti\activiti-spring-resource-finder\7.2.0\activiti-spring-resource-finder-7.2.0.jar;C:\Users\wpw\.m2\repository\org\springframework\spring-context\5.3.16\spring-context-5.3.16.jar;C:\Users\wpw\.m2\repository\org\springframework\spring-aop\5.3.16\spring-aop-5.3.16.jar;C:\Users\wpw\.m2\repository\org\springframework\spring-expression\5.3.16\spring-expression-5.3.16.jar;C:\Users\wpw\.m2\repository\org\springframework\spring-tx\5.3.16\spring-tx-5.3.16.jar;C:\Users\wpw\.m2\repository\org\springframework\spring-beans\5.3.16\spring-beans-5.3.16.jar;C:\Users\wpw\.m2\repository\org\springframework\spring-core\5.3.16\spring-core-5.3.16.jar;C:\Users\wpw\.m2\repository\org\springframework\spring-jcl\5.3.16\spring-jcl-5.3.16.jar;C:\Users\wpw\.m2\repository\org\springframework\boot\spring-boot\2.6.9\spring-boot-2.6.9.jar;C:\Users\wpw\.m2\repository\org\springframework\security\spring-security-core\5.6.2\spring-security-core-5.6.2.jar;C:\Users\wpw\.m2\repository\org\springframework\security\spring-security-crypto\5.6.2\spring-security-crypto-5.6.2.jar;C:\Users\wpw\.m2\repository\org\slf4j\slf4j-api\1.7.36\slf4j-api-1.7.36.jar;C:\Users\wpw\.m2\repository\com\fasterxml\uuid\java-uuid-generator\4.0.1\java-uuid-generator-4.0.1.jar;C:\Users\wpw\.m2\repository\com\fasterxml\jackson\core\jackson-annotations\2.13.1\jackson-annotations-2.13.1.jar;C:\Users\wpw\.m2\repository\org\springframework\boot\spring-boot-starter\2.6.9\spring-boot-starter-2.6.9.jar;C:\Users\wpw\.m2\repository\org\springframework\boot\spring-boot-autoconfigure\2.6.9\spring-boot-autoconfigure-2.6.9.jar;C:\Users\wpw\.m2\repository\org\springframework\boot\spring-boot-starter-logging\2.6.9\spring-boot-starter-logging-2.6.9.jar;C:\Users\wpw\.m2\repository\ch\qos\logback\logback-classic\1.2.11\logback-classic-1.2.11.jar;C:\Users\wpw\.m2\repository\ch\qos\logback\logback-core\1.2.11\logback-core-1.2.11.jar;C:\Users\wpw\.m2\repository\org\apache\logging\log4j\log4j-to-slf4j\2.17.1\log4j-to-slf4j-2.17.1.jar;C:\Users\wpw\.m2\repository\org\apache\logging\log4j\log4j-api\2.17.1\log4j-api-2.17.1.jar;C:\Users\wpw\.m2\repository\org\slf4j\jul-to-slf4j\1.7.36\jul-to-slf4j-1.7.36.jar;C:\Users\wpw\.m2\repository\jakarta\annotation\jakarta.annotation-api\1.3.5\jakarta.annotation-api-1.3.5.jar;C:\Users\wpw\.m2\repository\org\yaml\snakeyaml\1.29\snakeyaml-1.29.jar;C:\Users\wpw\.m2\repository\org\springframework\boot\spring-boot-actuator-autoconfigure\2.6.9\spring-boot-actuator-autoconfigure-2.6.9.jar;C:\Users\wpw\.m2\repository\org\springframework\boot\spring-boot-actuator\2.6.9\spring-boot-actuator-2.6.9.jar;C:\Users\wpw\.m2\repository\com\fasterxml\jackson\datatype\jackson-datatype-jsr310\2.13.1\jackson-datatype-jsr310-2.13.1.jar;C:\Users\wpw\.m2\repository\org\springframework\boot\spring-boot-starter-jdbc\2.6.9\spring-boot-starter-jdbc-2.6.9.jar;C:\Users\wpw\.m2\repository\com\zaxxer\HikariCP\4.0.3\HikariCP-4.0.3.jar;C:\Users\wpw\.m2\repository\org\springframework\spring-jdbc\5.3.16\spring-jdbc-5.3.16.jar;C:\Users\wpw\.m2\repository\org\springframework\boot\spring-boot-starter-oauth2-resource-server\2.6.9\spring-boot-starter-oauth2-resource-server-2.6.9.jar;C:\Users\wpw\.m2\repository\org\springframework\security\spring-security-config\5.6.2\spring-security-config-5.6.2.jar;C:\Users\wpw\.m2\repository\org\springframework\security\spring-security-oauth2-resource-server\5.6.2\spring-security-oauth2-resource-server-5.6.2.jar;C:\Users\wpw\.m2\repository\org\springframework\security\spring-security-oauth2-core\5.6.2\spring-security-oauth2-core-5.6.2.jar;C:\Users\wpw\.m2\repository\org\springframework\security\spring-security-web\5.6.2\spring-security-web-5.6.2.jar;C:\Users\wpw\.m2\repository\org\springframework\security\spring-security-oauth2-jose\5.6.2\spring-security-oauth2-jose-5.6.2.jar;C:\Users\wpw\.m2\repository\com\nimbusds\nimbus-jose-jwt\9.14\nimbus-jose-jwt-9.14.jar;C:\Users\wpw\.m2\repository\com\github\stephenc\jcip\jcip-annotations\1.0-1\jcip-annotations-1.0-1.jar;C:\Users\wpw\.m2\repository\org\springframework\boot\spring-boot-starter-web\2.6.9\spring-boot-starter-web-2.6.9.jar;C:\Users\wpw\.m2\repository\org\springframework\boot\spring-boot-starter-json\2.6.9\spring-boot-starter-json-2.6.9.jar;C:\Users\wpw\.m2\repository\com\fasterxml\jackson\datatype\jackson-datatype-jdk8\2.13.1\jackson-datatype-jdk8-2.13.1.jar;C:\Users\wpw\.m2\repository\com\fasterxml\jackson\module\jackson-module-parameter-names\2.13.1\jackson-module-parameter-names-2.13.1.jar;C:\Users\wpw\.m2\repository\org\springframework\boot\spring-boot-starter-tomcat\2.6.9\spring-boot-starter-tomcat-2.6.9.jar;C:\Users\wpw\.m2\repository\org\apache\tomcat\embed\tomcat-embed-core\9.0.64\tomcat-embed-core-9.0.64.jar;C:\Users\wpw\.m2\repository\org\apache\tomcat\embed\tomcat-embed-el\9.0.64\tomcat-embed-el-9.0.64.jar;C:\Users\wpw\.m2\repository\org\apache\tomcat\embed\tomcat-embed-websocket\9.0.64\tomcat-embed-websocket-9.0.64.jar;C:\Users\wpw\.m2\repository\org\springframework\spring-web\5.3.16\spring-web-5.3.16.jar;C:\Users\wpw\.m2\repository\org\springframework\spring-webmvc\5.3.16\spring-webmvc-5.3.16.jar;C:\Users\wpw\.m2\repository\org\springframework\boot\spring-boot-starter-actuator\2.6.9\spring-boot-starter-actuator-2.6.9.jar;C:\Users\wpw\.m2\repository\io\micrometer\micrometer-core\1.8.3\micrometer-core-1.8.3.jar;C:\Users\wpw\.m2\repository\org\hdrhistogram\HdrHistogram\2.1.12\HdrHistogram-2.1.12.jar;C:\Users\wpw\.m2\repository\org\latencyutils\LatencyUtils\2.0.3\LatencyUtils-2.0.3.jar;C:\Users\wpw\.m2\repository\org\projectlombok\lombok\1.18.24\lombok-1.18.24.jar;C:\Users\wpw\.m2\repository\mysql\mysql-connector-java\8.0.29\mysql-connector-java-8.0.29.jar;C:\Users\wpw\.m2\repository\com\h2database\h2\1.4.200\h2-1.4.200.jar;C:\Users\wpw\.m2\repository\org\springframework\boot\spring-boot-starter-test\2.6.9\spring-boot-starter-test-2.6.9.jar;C:\Users\wpw\.m2\repository\org\springframework\boot\spring-boot-test\2.6.9\spring-boot-test-2.6.9.jar;C:\Users\wpw\.m2\repository\org\springframework\boot\spring-boot-test-autoconfigure\2.6.9\spring-boot-test-autoconfigure-2.6.9.jar;C:\Users\wpw\.m2\repository\com\jayway\jsonpath\json-path\2.6.0\json-path-2.6.0.jar;C:\Users\wpw\.m2\repository\net\minidev\json-smart\2.4.8\json-smart-2.4.8.jar;C:\Users\wpw\.m2\repository\net\minidev\accessors-smart\2.4.8\accessors-smart-2.4.8.jar;C:\Users\wpw\.m2\repository\org\ow2\asm\asm\9.1\asm-9.1.jar;C:\Users\wpw\.m2\repository\jakarta\xml\bind\jakarta.xml.bind-api\2.3.3\jakarta.xml.bind-api-2.3.3.jar;C:\Users\wpw\.m2\repository\jakarta\activation\jakarta.activation-api\1.2.2\jakarta.activation-api-1.2.2.jar;C:\Users\wpw\.m2\repository\org\assertj\assertj-core\3.21.0\assertj-core-3.21.0.jar;C:\Users\wpw\.m2\repository\org\hamcrest\hamcrest\2.2\hamcrest-2.2.jar;C:\Users\wpw\.m2\repository\org\junit\jupiter\junit-jupiter\5.8.2\junit-jupiter-5.8.2.jar;C:\Users\wpw\.m2\repository\org\junit\jupiter\junit-jupiter-api\5.8.2\junit-jupiter-api-5.8.2.jar;C:\Users\wpw\.m2\repository\org\opentest4j\opentest4j\1.2.0\opentest4j-1.2.0.jar;C:\Users\wpw\.m2\repository\org\junit\platform\junit-platform-commons\1.8.2\junit-platform-commons-1.8.2.jar;C:\Users\wpw\.m2\repository\org\apiguardian\apiguardian-api\1.1.2\apiguardian-api-1.1.2.jar;C:\Users\wpw\.m2\repository\org\junit\jupiter\junit-jupiter-params\5.8.2\junit-jupiter-params-5.8.2.jar;C:\Users\wpw\.m2\repository\org\junit\jupiter\junit-jupiter-engine\5.8.2\junit-jupiter-engine-5.8.2.jar;C:\Users\wpw\.m2\repository\org\junit\platform\junit-platform-engine\1.8.2\junit-platform-engine-1.8.2.jar;C:\Users\wpw\.m2\repository\org\mockito\mockito-core\4.0.0\mockito-core-4.0.0.jar;C:\Users\wpw\.m2\repository\net\bytebuddy\byte-buddy\1.11.22\byte-buddy-1.11.22.jar;C:\Users\wpw\.m2\repository\net\bytebuddy\byte-buddy-agent\1.11.22\byte-buddy-agent-1.11.22.jar;C:\Users\wpw\.m2\repository\org\objenesis\objenesis\3.2\objenesis-3.2.jar;C:\Users\wpw\.m2\repository\org\mockito\mockito-junit-jupiter\4.0.0\mockito-junit-jupiter-4.0.0.jar;C:\Users\wpw\.m2\repository\org\skyscreamer\jsonassert\1.5.0\jsonassert-1.5.0.jar;C:\Users\wpw\.m2\repository\com\vaadin\external\google\android-json\0.0.20131108.vaadin1\android-json-0.0.20131108.vaadin1.jar;C:\Users\wpw\.m2\repository\org\springframework\spring-test\5.3.16\spring-test-5.3.16.jar;C:\Users\wpw\.m2\repository\org\xmlunit\xmlunit-core\2.8.4\xmlunit-core-2.8.4.jar;"/>
    <property name="sun.cpu.endian" value="little"/>
    <property name="user.home" value="C:\Users\wpw"/>
    <property name="user.language" value="zh"/>
    <property name="java.specification.vendor" value="Oracle Corporation"/>
    <property name="java.version.date" value="2019-10-15"/>
    <property name="java.home" value="C:\Program Files\Java\jdk-11.0.5"/>
    <property name="file.separator" value="\"/>
    <property name="basedir" value="C:\Users\wpw\workspace\gitee\beidou\bpmn\bpmn-activiti-server"/>
    <property name="java.vm.compressedOopsMode" value="Zero based"/>
    <property name="line.separator" value="&#10;"/>
    <property name="java.specification.name" value="Java Platform API Specification"/>
    <property name="java.vm.specification.vendor" value="Oracle Corporation"/>
    <property name="java.awt.graphicsenv" value="sun.awt.Win32GraphicsEnvironment"/>
    <property name="surefire.real.class.path" value="C:\Users\wpw\AppData\Local\Temp\surefire5730383464433246380\surefirebooter4720149863726821177.jar"/>
    <property name="user.script" value=""/>
    <property name="sun.management.compiler" value="HotSpot 64-Bit Tiered Compilers"/>
    <property name="java.runtime.version" value="11.0.5+10-LTS"/>
    <property name="user.name" value="wpw"/>
    <property name="path.separator" value=";"/>
    <property name="os.version" value="10.0"/>
    <property name="java.runtime.name" value="Java(TM) SE Runtime Environment"/>
    <property name="file.encoding" value="GBK"/>
    <property name="java.vm.name" value="Java HotSpot(TM) 64-Bit Server VM"/>
    <property name="java.vendor.version" value="18.9"/>
    <property name="localRepository" value="C:\Users\wpw\.m2\repository"/>
    <property name="java.vendor.url.bug" value="http://bugreport.java.com/bugreport/"/>
    <property name="java.io.tmpdir" value="C:\Users\wpw\AppData\Local\Temp\"/>
    <property name="java.version" value="11.0.5"/>
    <property name="user.dir" value="C:\Users\wpw\workspace\gitee\beidou\bpmn\bpmn-activiti-server"/>
    <property name="os.arch" value="amd64"/>
    <property name="java.vm.specification.name" value="Java Virtual Machine Specification"/>
    <property name="java.awt.printerjob" value="sun.awt.windows.WPrinterJob"/>
    <property name="sun.os.patch.level" value=""/>
    <property name="java.library.path" value="C:\Program Files\Java\jdk-11.0.5\bin;C:\WINDOWS\Sun\Java\bin;C:\WINDOWS\system32;C:\WINDOWS;%JAVA_HOME%\bin;C:\app\wpw\product\11.2.0\dbhome_1\BIN;C:\Windows\System32;C:\Windows;C:\Windows\System32\wbem;C:\Windows\System32\WindowsPowerShell\v1.0\;C:\Windows\System32\OpenSSH\;C:\Program Files\Intel\WiFi\bin\;C:\Program Files\Git\cmd;C:\Program Files\Common Files\Intel\WirelessCommon\;C:\Program Files\nodejs\;C:\Program Files\SlikSvn\bin;%ANDROID_HOME%\platform-tools;%ANDROID_HOME%\emulator;%ANDROID_HOME%\tools;%ANDROID_HOME%\tools\bin;C:\Program Files\Git\usr\bin;C:\Program Files\Microsoft SQL Server\130\Tools\Binn\;C:\Program Files\Docker\Docker\resources\bin;C:\ProgramData\DockerDesktop\version-bin;C:\Users\wpw\anaconda3;C:\Users\wpw\anaconda3\Library\bin;C:\Users\wpw\anaconda3\Library\mingw-w64\bin;C:\Users\wpw\anaconda3\Library\usr\bin;C:\Users\wpw\anaconda3\Scripts;C:\Users\wpw\anaconda3\Lib\site-packages\superset;C:\Users\wpw\anaconda3;C:\Users\wpw\anaconda3\Library\mingw-w64\bin;C:\Users\wpw\anaconda3\Library\usr\bin;C:\Users\wpw\anaconda3\Library\bin;C:\Users\wpw\anaconda3\Scripts;C:\Users\wpw\AppData\Local\Microsoft\WindowsApps;C:\Users\wpw\AppData\Roaming\npm;C:\Program Files\Java\jdk-11.0.5\bin;C:\Users\wpw\workspace\apache-maven-3.8.1\bin;C:\Users\wpw\AppData\Local\Programs\Microsoft VS Code\bin;;."/>
    <property name="java.vendor" value="Oracle Corporation"/>
    <property name="java.vm.info" value="mixed mode"/>
    <property name="java.vm.version" value="11.0.5+10-LTS"/>
    <property name="sun.io.unicode.encoding" value="UnicodeLittle"/>
    <property name="java.class.version" value="55.0"/>
  </properties>
  <testcase name="runTaskExample" classname="cn.phecde.bpmn.activiti.TaskTests" time="0.343"/>
</testsuite>